<?xml version="1.1" encoding="UTF-8"?>
<testsuite name="LibraryTest" tests="1" failures="0" errors="0" timestamp="2013-11-02T10:27:32" hostname="Mac-mini-di-Stefano.local" time="0.002">
  <properties/>
  <testcase name="testSomeLibraryMethod" classname="LibraryTest" time="0.002"/>
  <system-out><![CDATA[]]></system-out>
  <system-err><![CDATA[]]></system-err>
</testsuite>
